[2024-06-22T12:21:48.986+0000] {taskinstance.py:1979} INFO - Dependencies all met for dep_context=non-requeueable deps ti=<TaskInstance: DAG_ml_pipeline_class_reg.run_modeling_regression manual__2024-06-22T12:21:37.426488+00:00 [queued]>
[2024-06-22T12:21:48.999+0000] {taskinstance.py:1979} INFO - Dependencies all met for dep_context=requeueable deps ti=<TaskInstance: DAG_ml_pipeline_class_reg.run_modeling_regression manual__2024-06-22T12:21:37.426488+00:00 [queued]>
[2024-06-22T12:21:49.000+0000] {taskinstance.py:2193} INFO - Starting attempt 1 of 1
[2024-06-22T12:21:49.019+0000] {taskinstance.py:2217} INFO - Executing <Task(PythonOperator): run_modeling_regression> on 2024-06-22 12:21:37.426488+00:00
[2024-06-22T12:21:49.029+0000] {standard_task_runner.py:60} INFO - Started process 2683 to run task
[2024-06-22T12:21:49.033+0000] {standard_task_runner.py:87} INFO - Running: ['***', 'tasks', 'run', 'DAG_ml_pipeline_class_reg', 'run_modeling_regression', 'manual__2024-06-22T12:21:37.426488+00:00', '--job-id', '36', '--raw', '--subdir', 'DAGS_FOLDER/run_data_wrangling_class_reg.py', '--cfg-path', '/tmp/tmp5u91mnr_']
[2024-06-22T12:21:49.036+0000] {standard_task_runner.py:88} INFO - Job 36: Subtask run_modeling_regression
[2024-06-22T12:21:49.109+0000] {task_command.py:423} INFO - Running <TaskInstance: DAG_ml_pipeline_class_reg.run_modeling_regression manual__2024-06-22T12:21:37.426488+00:00 [running]> on host 0fdcf3d7bc80
[2024-06-22T12:21:49.210+0000] {taskinstance.py:2513} INFO - Exporting env vars: AIRFLOW_CTX_DAG_OWNER='***' AIRFLOW_CTX_DAG_ID='DAG_ml_pipeline_class_reg' AIRFLOW_CTX_TASK_ID='run_modeling_regression' AIRFLOW_CTX_EXECUTION_DATE='2024-06-22T12:21:37.426488+00:00' AIRFLOW_CTX_TRY_NUMBER='1' AIRFLOW_CTX_DAG_RUN_ID='manual__2024-06-22T12:21:37.426488+00:00'
[2024-06-22T12:21:49.211+0000] {logging_mixin.py:188} INFO - Looking for .env file at: /opt/***/config/.env
[2024-06-22T12:21:49.236+0000] {credentials.py:1278} INFO - Found credentials in shared credentials file: ~/.aws/credentials
[2024-06-22T12:21:53.720+0000] {warnings.py:109} WARNING - /home/***/.local/lib/python3.8/site-packages/sklearn/base.py:348: InconsistentVersionWarning: Trying to unpickle estimator DecisionTreeRegressor from version 1.4.1.post1 when using version 1.3.2. This might lead to breaking code or invalid results. Use at your own risk. For more info please refer to:
https://scikit-learn.org/stable/model_persistence.html#security-maintainability-limitations
  warnings.warn(

[2024-06-22T12:21:53.806+0000] {warnings.py:109} WARNING - /home/***/.local/lib/python3.8/site-packages/sklearn/base.py:348: InconsistentVersionWarning: Trying to unpickle estimator RandomForestRegressor from version 1.4.1.post1 when using version 1.3.2. This might lead to breaking code or invalid results. Use at your own risk. For more info please refer to:
https://scikit-learn.org/stable/model_persistence.html#security-maintainability-limitations
  warnings.warn(

[2024-06-22T12:21:53.808+0000] {warnings.py:109} WARNING - /home/***/.local/lib/python3.8/site-packages/sklearn/base.py:465: UserWarning: X does not have valid feature names, but RandomForestRegressor was fitted with feature names
  warnings.warn(

[2024-06-22T12:21:56.742+0000] {logging_mixin.py:188} INFO - Data loaded successfully, ignoring duplicates.
[2024-06-22T12:21:56.748+0000] {python.py:202} INFO - Done. Returned value was: None
[2024-06-22T12:21:56.772+0000] {taskinstance.py:1149} INFO - Marking task as SUCCESS. dag_id=DAG_ml_pipeline_class_reg, task_id=run_modeling_regression, execution_date=20240622T122137, start_date=20240622T122148, end_date=20240622T122156
[2024-06-22T12:21:56.829+0000] {local_task_job_runner.py:234} INFO - Task exited with return code 0
[2024-06-22T12:21:56.858+0000] {taskinstance.py:3312} INFO - 0 downstream tasks scheduled from follow-on schedule check
